# JRE version: OpenJDK Runtime Environment (8.0_112-b06) (build 1.8.0_112-release-b06)
# Java VM: OpenJDK 64-Bit Server VM (25.112-b06 mixed mode windows-amd64 compressed oops)
Heap:
 PSYoungGen      total 477696K, used 109160K [0x00000000e0000000, 0x00000000ff280000, 0x0000000100000000)
  eden space 442880K, 21% used [0x00000000e0000000,0x00000000e5c447f8,0x00000000fb080000)
  from space 34816K, 42% used [0x00000000fd080000,0x00000000fded5880,0x00000000ff280000)
  to   space 32768K, 0% used [0x00000000fb080000,0x00000000fb080000,0x00000000fd080000)
 ParOldGen       total 114688K, used 46234K [0x00000000a0000000, 0x00000000a7000000, 0x00000000e0000000)
  object space 114688K, 40% used [0x00000000a0000000,0x00000000a2d26820,0x00000000a7000000)
 Metaspace       used 58912K, capacity 62660K, committed 62848K, reserved 1103872K
  class space    used 7892K, capacity 8561K, committed 8576K, reserved 1048576K
GC Heap History (10 events):
Event: 12.037 GC heap before
{Heap before GC invocations=9 (full 2):
 PSYoungGen      total 199168K, used 184320K [0x00000000e0000000, 0x00000000efb80000, 0x0000000100000000)
  eden space 184320K, 100% used [0x00000000e0000000,0x00000000eb400000,0x00000000eb400000)
  from space 14848K, 0% used [0x00000000ec280000,0x00000000ec280000,0x00000000ed100000)
  to   space 14848K, 0% used [0x00000000eb400000,0x00000000eb400000,0x00000000ec280000)
 ParOldGen       total 77312K, used 19064K [0x00000000a0000000, 0x00000000a4b80000, 0x00000000e0000000)
  object space 77312K, 24% used [0x00000000a0000000,0x00000000a129e3d8,0x00000000a4b80000)
 Metaspace       used 46176K, capacity 47608K, committed 47872K, reserved 1091584K
  class space    used 6268K, capacity 6568K, committed 6656K, reserved 1048576K
Event: 12.081 GC heap after
Heap after GC invocations=9 (full 2):
 PSYoungGen      total 199168K, used 14820K [0x00000000e0000000, 0x00000000f6200000, 0x0000000100000000)
  eden space 184320K, 0% used [0x00000000e0000000,0x00000000e0000000,0x00000000eb400000)
  from space 14848K, 99% used [0x00000000eb400000,0x00000000ec279380,0x00000000ec280000)
  to   space 19456K, 0% used [0x00000000f4f00000,0x00000000f4f00000,0x00000000f6200000)
 ParOldGen       total 77312K, used 23258K [0x00000000a0000000, 0x00000000a4b80000, 0x00000000e0000000)
  object space 77312K, 30% used [0x00000000a0000000,0x00000000a16b6a10,0x00000000a4b80000)
 Metaspace       used 46176K, capacity 47608K, committed 47872K, reserved 1091584K
  class space    used 6268K, capacity 6568K, committed 6656K, reserved 1048576K
}
Event: 14.735 GC heap before
{Heap before GC invocations=10 (full 2):
 PSYoungGen      total 199168K, used 199140K [0x00000000e0000000, 0x00000000f6200000, 0x0000000100000000)
  eden space 184320K, 100% used [0x00000000e0000000,0x00000000eb400000,0x00000000eb400000)
  from space 14848K, 99% used [0x00000000eb400000,0x00000000ec279380,0x00000000ec280000)
  to   space 19456K, 0% used [0x00000000f4f00000,0x00000000f4f00000,0x00000000f6200000)
 ParOldGen       total 77312K, used 23258K [0x00000000a0000000, 0x00000000a4b80000, 0x00000000e0000000)
  object space 77312K, 30% used [0x00000000a0000000,0x00000000a16b6a10,0x00000000a4b80000)
 Metaspace       used 51960K, capacity 53914K, committed 54016K, reserved 1095680K
  class space    used 7038K, capacity 7415K, committed 7424K, reserved 1048576K
Event: 14.808 GC heap after
Heap after GC invocations=10 (full 2):
 PSYoungGen      total 334336K, used 19439K [0x00000000e0000000, 0x00000000f6d80000, 0x0000000100000000)
  eden space 314880K, 0% used [0x00000000e0000000,0x00000000e0000000,0x00000000f3380000)
  from space 19456K, 99% used [0x00000000f4f00000,0x00000000f61fbfe0,0x00000000f6200000)
  to   space 28160K, 0% used [0x00000000f3380000,0x00000000f3380000,0x00000000f4f00000)
 ParOldGen       total 77312K, used 35958K [0x00000000a0000000, 0x00000000a4b80000, 0x00000000e0000000)
  object space 77312K, 46% used [0x00000000a0000000,0x00000000a231da68,0x00000000a4b80000)
 Metaspace       used 51960K, capacity 53914K, committed 54016K, reserved 1095680K
  class space    used 7038K, capacity 7415K, committed 7424K, reserved 1048576K
}
Event: 340.029 GC heap before
{Heap before GC invocations=11 (full 2):
 PSYoungGen      total 334336K, used 176040K [0x00000000e0000000, 0x00000000f6d80000, 0x0000000100000000)
  eden space 314880K, 49% used [0x00000000e0000000,0x00000000e98ee2b0,0x00000000f3380000)
  from space 19456K, 99% used [0x00000000f4f00000,0x00000000f61fbfe0,0x00000000f6200000)
  to   space 28160K, 0% used [0x00000000f3380000,0x00000000f3380000,0x00000000f4f00000)
 ParOldGen       total 77312K, used 35958K [0x00000000a0000000, 0x00000000a4b80000, 0x00000000e0000000)
  object space 77312K, 46% used [0x00000000a0000000,0x00000000a231da68,0x00000000a4b80000)
 Metaspace       used 56104K, capacity 58956K, committed 59028K, reserved 1099776K
  class space    used 7575K, capacity 8123K, committed 8192K, reserved 1048576K
Event: 340.079 GC heap after
Heap after GC invocations=11 (full 2):
 PSYoungGen      total 343040K, used 28150K [0x00000000e0000000, 0x00000000ff280000, 0x0000000100000000)
  eden space 314880K, 0% used [0x00000000e0000000,0x00000000e0000000,0x00000000f3380000)
  from space 28160K, 99% used [0x00000000f3380000,0x00000000f4efd870,0x00000000f4f00000)
  to   space 34816K, 0% used [0x00000000fd080000,0x00000000fd080000,0x00000000ff280000)
 ParOldGen       total 77312K, used 41339K [0x00000000a0000000, 0x00000000a4b80000, 0x00000000e0000000)
  object space 77312K, 53% used [0x00000000a0000000,0x00000000a285ec98,0x00000000a4b80000)
 Metaspace       used 56104K, capacity 58956K, committed 59028K, reserved 1099776K
  class space    used 7575K, capacity 8123K, committed 8192K, reserved 1048576K
}
Event: 340.079 GC heap before
{Heap before GC invocations=12 (full 3):
 PSYoungGen      total 343040K, used 28150K [0x00000000e0000000, 0x00000000ff280000, 0x0000000100000000)
  eden space 314880K, 0% used [0x00000000e0000000,0x00000000e0000000,0x00000000f3380000)
  from space 28160K, 99% used [0x00000000f3380000,0x00000000f4efd870,0x00000000f4f00000)
  to   space 34816K, 0% used [0x00000000fd080000,0x00000000fd080000,0x00000000ff280000)
 ParOldGen       total 77312K, used 41339K [0x00000000a0000000, 0x00000000a4b80000, 0x00000000e0000000)
  object space 77312K, 53% used [0x00000000a0000000,0x00000000a285ec98,0x00000000a4b80000)
 Metaspace       used 56104K, capacity 58956K, committed 59028K, reserved 1099776K
  class space    used 7575K, capacity 8123K, committed 8192K, reserved 1048576K
Event: 340.331 GC heap after
Heap after GC invocations=12 (full 3):
 PSYoungGen      total 343040K, used 0K [0x00000000e0000000, 0x00000000ff280000, 0x0000000100000000)
  eden space 314880K, 0% used [0x00000000e0000000,0x00000000e0000000,0x00000000f3380000)
  from space 28160K, 0% used [0x00000000f3380000,0x00000000f3380000,0x00000000f4f00000)
  to   space 34816K, 0% used [0x00000000fd080000,0x00000000fd080000,0x00000000ff280000)
 ParOldGen       total 114688K, used 46226K [0x00000000a0000000, 0x00000000a7000000, 0x00000000e0000000)
  object space 114688K, 40% used [0x00000000a0000000,0x00000000a2d24820,0x00000000a7000000)
 Metaspace       used 56104K, capacity 58956K, committed 59028K, reserved 1099776K
  class space    used 7575K, capacity 8123K, committed 8192K, reserved 1048576K
}
Event: 420.358 GC heap before
{Heap before GC invocations=13 (full 3):
 PSYoungGen      total 343040K, used 314880K [0x00000000e0000000, 0x00000000ff280000, 0x0000000100000000)
  eden space 314880K, 100% used [0x00000000e0000000,0x00000000f3380000,0x00000000f3380000)
  from space 28160K, 0% used [0x00000000f3380000,0x00000000f3380000,0x00000000f4f00000)
  to   space 34816K, 0% used [0x00000000fd080000,0x00000000fd080000,0x00000000ff280000)
 ParOldGen       total 114688K, used 46226K [0x00000000a0000000, 0x00000000a7000000, 0x00000000e0000000)
  object space 114688K, 40% used [0x00000000a0000000,0x00000000a2d24820,0x00000000a7000000)
 Metaspace       used 57899K, capacity 61076K, committed 61184K, reserved 1101824K
  class space    used 7752K, capacity 8341K, committed 8448K, reserved 1048576K
Event: 420.462 GC heap after
Heap after GC invocations=13 (full 3):
 PSYoungGen      total 477696K, used 14678K [0x00000000e0000000, 0x00000000ff280000, 0x0000000100000000)
  eden space 442880K, 0% used [0x00000000e0000000,0x00000000e0000000,0x00000000fb080000)
  from space 34816K, 42% used [0x00000000fd080000,0x00000000fded5880,0x00000000ff280000)
  to   space 32768K, 0% used [0x00000000fb080000,0x00000000fb080000,0x00000000fd080000)
 ParOldGen       total 114688K, used 46234K [0x00000000a0000000, 0x00000000a7000000, 0x00000000e0000000)
  object space 114688K, 40% used [0x00000000a0000000,0x00000000a2d26820,0x00000000a7000000)
 Metaspace       used 57899K, capacity 61076K, committed 61184K, reserved 1101824K
  class space    used 7752K, capacity 8341K, committed 8448K, reserved 1048576K
}

