# JRE version: OpenJDK Runtime Environment (8.0_112-b06) (build 1.8.0_112-release-b06)
# Java VM: OpenJDK 64-Bit Server VM (25.112-b06 mixed mode windows-amd64 compressed oops)
Heap:
 PSYoungGen      total 243200K, used 27132K [0x00000000e0000000, 0x00000000f6000000, 0x0000000100000000)
  eden space 216064K, 12% used [0x00000000e0000000,0x00000000e1a7f220,0x00000000ed300000)
  from space 27136K, 0% used [0x00000000ed300000,0x00000000ed300000,0x00000000eed80000)
  to   space 26112K, 0% used [0x00000000f4680000,0x00000000f4680000,0x00000000f6000000)
 ParOldGen       total 158720K, used 57772K [0x00000000a0000000, 0x00000000a9b00000, 0x00000000e0000000)
  object space 158720K, 36% used [0x00000000a0000000,0x00000000a386b358,0x00000000a9b00000)
 Metaspace       used 57375K, capacity 60202K, committed 60288K, reserved 1101824K
  class space    used 7729K, capacity 8268K, committed 8320K, reserved 1048576K
GC Heap History (10 events):
Event: 13.143 GC heap before
{Heap before GC invocations=10 (full 2):
 PSYoungGen      total 113152K, used 102912K [0x00000000e0000000, 0x00000000ebd80000, 0x0000000100000000)
  eden space 102912K, 100% used [0x00000000e0000000,0x00000000e6480000,0x00000000e6480000)
  from space 10240K, 0% used [0x00000000e6480000,0x00000000e6480000,0x00000000e6e80000)
  to   space 12288K, 0% used [0x00000000eb180000,0x00000000eb180000,0x00000000ebd80000)
 ParOldGen       total 88064K, used 18031K [0x00000000a0000000, 0x00000000a5600000, 0x00000000e0000000)
  object space 88064K, 20% used [0x00000000a0000000,0x00000000a119bf28,0x00000000a5600000)
 Metaspace       used 42653K, capacity 43540K, committed 43904K, reserved 1087488K
  class space    used 5751K, capacity 6004K, committed 6016K, reserved 1048576K
Event: 13.186 GC heap after
Heap after GC invocations=10 (full 2):
 PSYoungGen      total 176640K, used 10633K [0x00000000e0000000, 0x00000000ebc00000, 0x0000000100000000)
  eden space 165888K, 0% used [0x00000000e0000000,0x00000000e0000000,0x00000000ea200000)
  from space 10752K, 98% used [0x00000000eb180000,0x00000000ebbe2590,0x00000000ebc00000)
  to   space 12800K, 0% used [0x00000000ea300000,0x00000000ea300000,0x00000000eaf80000)
 ParOldGen       total 88064K, used 18039K [0x00000000a0000000, 0x00000000a5600000, 0x00000000e0000000)
  object space 88064K, 20% used [0x00000000a0000000,0x00000000a119df28,0x00000000a5600000)
 Metaspace       used 42653K, capacity 43540K, committed 43904K, reserved 1087488K
  class space    used 5751K, capacity 6004K, committed 6016K, reserved 1048576K
}
Event: 16.482 GC heap before
{Heap before GC invocations=11 (full 2):
 PSYoungGen      total 176640K, used 176521K [0x00000000e0000000, 0x00000000ebc00000, 0x0000000100000000)
  eden space 165888K, 100% used [0x00000000e0000000,0x00000000ea200000,0x00000000ea200000)
  from space 10752K, 98% used [0x00000000eb180000,0x00000000ebbe2590,0x00000000ebc00000)
  to   space 12800K, 0% used [0x00000000ea300000,0x00000000ea300000,0x00000000eaf80000)
 ParOldGen       total 88064K, used 18039K [0x00000000a0000000, 0x00000000a5600000, 0x00000000e0000000)
  object space 88064K, 20% used [0x00000000a0000000,0x00000000a119df28,0x00000000a5600000)
 Metaspace       used 49870K, capacity 51722K, committed 51968K, reserved 1093632K
  class space    used 6732K, capacity 7091K, committed 7168K, reserved 1048576K
Event: 16.521 GC heap after
Heap after GC invocations=11 (full 2):
 PSYoungGen      total 179712K, used 12768K [0x00000000e0000000, 0x00000000f0000000, 0x0000000100000000)
  eden space 166912K, 0% used [0x00000000e0000000,0x00000000e0000000,0x00000000ea300000)
  from space 12800K, 99% used [0x00000000ea300000,0x00000000eaf781f8,0x00000000eaf80000)
  to   space 18944K, 0% used [0x00000000eed80000,0x00000000eed80000,0x00000000f0000000)
 ParOldGen       total 88064K, used 29540K [0x00000000a0000000, 0x00000000a5600000, 0x00000000e0000000)
  object space 88064K, 33% used [0x00000000a0000000,0x00000000a1cd91c8,0x00000000a5600000)
 Metaspace       used 49870K, capacity 51722K, committed 51968K, reserved 1093632K
  class space    used 6732K, capacity 7091K, committed 7168K, reserved 1048576K
}
Event: 19.272 GC heap before
{Heap before GC invocations=12 (full 2):
 PSYoungGen      total 179712K, used 179680K [0x00000000e0000000, 0x00000000f0000000, 0x0000000100000000)
  eden space 166912K, 100% used [0x00000000e0000000,0x00000000ea300000,0x00000000ea300000)
  from space 12800K, 99% used [0x00000000ea300000,0x00000000eaf781f8,0x00000000eaf80000)
  to   space 18944K, 0% used [0x00000000eed80000,0x00000000eed80000,0x00000000f0000000)
 ParOldGen       total 88064K, used 29540K [0x00000000a0000000, 0x00000000a5600000, 0x00000000e0000000)
  object space 88064K, 33% used [0x00000000a0000000,0x00000000a1cd91c8,0x00000000a5600000)
 Metaspace       used 55369K, capacity 57938K, committed 58240K, reserved 1099776K
  class space    used 7514K, capacity 8008K, committed 8064K, reserved 1048576K
Event: 19.337 GC heap after
Heap after GC invocations=12 (full 2):
 PSYoungGen      total 235008K, used 18934K [0x00000000e0000000, 0x00000000f1380000, 0x0000000100000000)
  eden space 216064K, 0% used [0x00000000e0000000,0x00000000e0000000,0x00000000ed300000)
  from space 18944K, 99% used [0x00000000eed80000,0x00000000efffd860,0x00000000f0000000)
  to   space 27136K, 0% used [0x00000000ed300000,0x00000000ed300000,0x00000000eed80000)
 ParOldGen       total 88064K, used 44991K [0x00000000a0000000, 0x00000000a5600000, 0x00000000e0000000)
  object space 88064K, 51% used [0x00000000a0000000,0x00000000a2befe70,0x00000000a5600000)
 Metaspace       used 55369K, capacity 57938K, committed 58240K, reserved 1099776K
  class space    used 7514K, capacity 8008K, committed 8064K, reserved 1048576K
}
Event: 25.666 GC heap before
{Heap before GC invocations=13 (full 2):
 PSYoungGen      total 235008K, used 155410K [0x00000000e0000000, 0x00000000f1380000, 0x0000000100000000)
  eden space 216064K, 63% used [0x00000000e0000000,0x00000000e85472f0,0x00000000ed300000)
  from space 18944K, 99% used [0x00000000eed80000,0x00000000efffd860,0x00000000f0000000)
  to   space 27136K, 0% used [0x00000000ed300000,0x00000000ed300000,0x00000000eed80000)
 ParOldGen       total 88064K, used 44991K [0x00000000a0000000, 0x00000000a5600000, 0x00000000e0000000)
  object space 88064K, 51% used [0x00000000a0000000,0x00000000a2befe70,0x00000000a5600000)
 Metaspace       used 56323K, capacity 59078K, committed 59160K, reserved 1099776K
  class space    used 7574K, capacity 8110K, committed 8192K, reserved 1048576K
Event: 26.062 GC heap after
Heap after GC invocations=13 (full 2):
 PSYoungGen      total 243200K, used 11473K [0x00000000e0000000, 0x00000000f6000000, 0x0000000100000000)
  eden space 216064K, 0% used [0x00000000e0000000,0x00000000e0000000,0x00000000ed300000)
  from space 27136K, 42% used [0x00000000ed300000,0x00000000ede34778,0x00000000eed80000)
  to   space 26112K, 0% used [0x00000000f4680000,0x00000000f4680000,0x00000000f6000000)
 ParOldGen       total 88064K, used 64028K [0x00000000a0000000, 0x00000000a5600000, 0x00000000e0000000)
  object space 88064K, 72% used [0x00000000a0000000,0x00000000a3e87260,0x00000000a5600000)
 Metaspace       used 56323K, capacity 59078K, committed 59160K, reserved 1099776K
  class space    used 7574K, capacity 8110K, committed 8192K, reserved 1048576K
}
Event: 26.062 GC heap before
{Heap before GC invocations=14 (full 3):
 PSYoungGen      total 243200K, used 11473K [0x00000000e0000000, 0x00000000f6000000, 0x0000000100000000)
  eden space 216064K, 0% used [0x00000000e0000000,0x00000000e0000000,0x00000000ed300000)
  from space 27136K, 42% used [0x00000000ed300000,0x00000000ede34778,0x00000000eed80000)
  to   space 26112K, 0% used [0x00000000f4680000,0x00000000f4680000,0x00000000f6000000)
 ParOldGen       total 88064K, used 64028K [0x00000000a0000000, 0x00000000a5600000, 0x00000000e0000000)
  object space 88064K, 72% used [0x00000000a0000000,0x00000000a3e87260,0x00000000a5600000)
 Metaspace       used 56323K, capacity 59078K, committed 59160K, reserved 1099776K
  class space    used 7574K, capacity 8110K, committed 8192K, reserved 1048576K
Event: 26.832 GC heap after
Heap after GC invocations=14 (full 3):
 PSYoungGen      total 243200K, used 0K [0x00000000e0000000, 0x00000000f6000000, 0x0000000100000000)
  eden space 216064K, 0% used [0x00000000e0000000,0x00000000e0000000,0x00000000ed300000)
  from space 27136K, 0% used [0x00000000ed300000,0x00000000ed300000,0x00000000eed80000)
  to   space 26112K, 0% used [0x00000000f4680000,0x00000000f4680000,0x00000000f6000000)
 ParOldGen       total 158720K, used 57772K [0x00000000a0000000, 0x00000000a9b00000, 0x00000000e0000000)
  object space 158720K, 36% used [0x00000000a0000000,0x00000000a386b358,0x00000000a9b00000)
 Metaspace       used 56323K, capacity 59078K, committed 59160K, reserved 1099776K
  class space    used 7574K, capacity 8110K, committed 8192K, reserved 1048576K
}

